<!DOCTYPE HTML><html><head><title>Behave Test Report</title><meta content="text/html;charset=utf-8" http-equiv="content-type" /><style type="text/css"><!--
@charset "utf-8"; .passed{}.failed{}.error{}.skipped{}.undefined{}.summary{}.failed_scenarios{}.footer{}body{font-size:0;color:white;margin:0;padding:0}.behave,td,th{font:normal 11px "Lucida Grande",Helvetica,sans-serif;background:white;color:black}.behave #behave-header,td #behave-header,th #behave-header{background:#65c400;color:white;height:8em}.behave #behave-header #expand-collapse p,td #behave-header #expand-collapse p,th #behave-header #expand-collapse p{float:right;margin:0 0 0 10px}.behave .scenario h3,td .scenario h3,th .scenario h3,.background h3{font-size:11px;padding:3px;margin:0;background:#65c400;color:white;font-weight:bold}.background h3{font-size:1.2em;background:#666}.behave h1,td h1,th h1{margin:0 10px 0 10px;padding:10px;font-family:"Lucida Grande",Helvetica,sans-serif;font-size:2em;position:absolute}.behave h4,td h4,th h4{margin-bottom:2px}.behave div.feature,td div.feature,th div.feature{padding:2px;margin:0 10px 5px 10px}.behave div.examples,td div.examples,th div.examples{padding:0 0 0 1em}.behave .stats,td .stats,th .stats{margin:2em}.behave .summary ul.features li,td .summary ul.features li,th .summary ul.features li{display:inline}.behave .step_name,td .step_name,th .step_name{float:left}.behave .step_file,td .step_file,th .step_file{text-align:right;color:#999}.behave .step_file a,td .step_file a,th .step_file a{color:#999}.behave .scenario_file,td .scenario_file,th .scenario_file{float:right;color:#999}.behave .step_duration{padding-left:1em}.behave .tag,td .tag,th .tag{font-weight:bold;color:#246ac1}.behave .backtrace,td .backtrace,th .backtrace{margin-top:0;margin-bottom:0;margin-left:1em;color:black}.behave a,td a,th a{color:#be5c00;margin-right:.5em}.behave a:hover,td a:hover,th a:hover{text-decoration:none}.behave a:visited,td a:visited,th a:visited{font-weight:normal}.behave a div.examples,td a div.examples,th a div.examples{margin:5px 0 5px 15px;color:black}.behave .outline table,td .outline table,th .outline table{margin:0 0 5px 10px}.behave table,td table,th table{border-collapse:collapse}.behave table td,td table td,th table td{padding:3px 3px 3px 5px}.behave table td.failed,.behave table td.passed,.behave table td.skipped,.behave table td.pending,.behave table td.undefined,td table td.failed,td table td.passed,td table td.skipped,td table td.pending{padding-left:18px;padding-right:10px}.behave table td.failed,td table td.failed,th table td.failed{border-left:5px solid #c20000;border-bottom:1px solid #c20000;background:#fffbd3;color:#c20000}.behave table td.passed,td table td.passed,th table td.passed{border-left:5px solid #65c400;border-bottom:1px solid #65c400;background:#dbffb4;color:#3d7700}.behave table td.skipped,td table td.skipped,th table td.skipped{border-left:5px solid aqua;border-bottom:1px solid aqua;background:#e0ffff;color:#011}.behave table td.pending,td table td.pending,th table td.pending{border-left:5px solid #faf834;border-bottom:1px solid #faf834;background:#fcfb98;color:#131313}.behave table td.undefined,td table td.undefined,th table td.undefined{border-left:5px solid #faf834;border-bottom:1px solid #faf834;background:#fcfb98;color:#131313}.behave table td.message,td table td.message,th table td.message{border-left:5px solid aqua;border-bottom:1px solid aqua;background:#e0ffff;color:#011}.behave ol,td ol,th ol{list-style:none;margin:0;padding:0}.behave ol li.step,td ol li.step,th ol li.step{padding:3px 3px 3px 18px;margin:5px 0 5px 5px}.behave ol li,td ol li,th ol li{margin:0 0 0 1em;padding:0 0 0 .2em}.behave ol li span.param,td ol li span.param,th ol li span.param{font-weight:bold}.behave ol li.failed,td ol li.failed,th ol li.failed{border-left:5px solid #c20000;border-bottom:1px solid #c20000;background:#fffbd3;color:#c20000}.behave ol li.passed,td ol li.passed,th ol li.passed{border-left:5px solid #65c400;border-bottom:1px solid #65c400;background:#dbffb4;color:#3d7700}.behave ol li.skipped,td ol li.skipped,th ol li.skipped{border-left:5px solid aqua;border-bottom:1px solid aqua;background:#e0ffff;color:#011}.behave ol li.pending,td ol li.pending,th ol li.pending{border-left:5px solid #faf834;border-bottom:1px solid #faf834;background:#fcfb98;color:#131313}.behave ol li.undefined,td ol li.undefined,th ol li.undefined{border-left:5px solid #faf834;border-bottom:1px solid #faf834;background:#fcfb98;color:#131313}.behave ol li.message,td ol li.message,th ol li.message{border-left:5px solid aqua;border-bottom:1px solid aqua;background:#e0ffff;color:#011;margin-left:10px}.behave #summary,td #summary,th #summary{margin:0;padding:5px 10px;text-align:right;top:0;right:0;float:right}.behave #summary p,td #summary p,th #summary p{margin:0 0 0 2px}.behave #summary #totals,td #summary #totals,th #summary #totals{font-size:1.2em}.behave .scenario h3.failed,td .scenario h3.failed,th .scenario h3.failed,.background h3.failed{background:#c20000}.behave #behave-header.failed,td #behave-header.failed,th #behave-header.failed{background:#c20000}.behave .scenario h3.undefined,td .scenario h3.undefined,th .scenario h3.undefined,.background h3.undefined{background:#faf834;color:black}.behave #behave-header.undefined,td #behave-header.undefined,th #behave-header.undefined{background:#faf834;color:black}#behave-header.failed a{color:white}pre{white-space:pre-wrap}
--></style><script type="text/javascript"><!--
function Collapsible_toggle(id){var elem=document.getElementById(id);elem.style.display=(elem.style.display=='none'?'block':'none');return false;};function Collapsible_expandAll(className){var elems=document.getElementsByClassName(className);for(var i=0;i<elems.length;i++){elems[i].style.display='block';}};function Collapsible_collapseAll(className){var elems=document.getElementsByClassName(className);for(var i=0;i<elems.length;i++){elems[i].style.display='none';}};function Collapsible_expandAllFailed(){var elems=document.getElementsByClassName('failed');for(var i=0;i<elems.length;i++){var elem=elems[i];if(elem.nodeName=='H3'){elem.parentElement.getElementsByTagName('ol')[0].style.display='block';}}}
--></script></head><body><div class="behave"><div id="behave-header" class="failed"><div id="label"><h1>Behave Test Report</h1></div><div id="summary"><p id="totals"><p id="feature_totals">Features: passed: 1, failed: 2</p><p id="scenario_totals">Scenarios: passed: 4, failed: 3</p><p id="step_totals">Steps: passed: 27, failed: 3, skipped: 3</p></p><p id="duration">Finished in 102.2 seconds</p><div id="expand-collapse"><a id="expander" href="#" onclick="Collapsible_expandAll('scenario_steps')">Expand All</a><span> | </span><a id="collapser" href="#" onclick="Collapsible_collapseAll('scenario_steps')">Collapse All</a><span> | </span><a id="failed_expander" href="#" onclick="Collapsible_expandAllFailed()">Expand All Failed</a></div></div></div><div class="feature"><h2><span class="val">Feature: Test functionality of serch field and order options</span></h2><span /></div><div class="background"><h3><span class="val">Background: Login with registered account</span></h3><ol /><span /></div><div class="scenario"><span class="scenario_file">features/home.feature:12</span><span class="tag">@wip</span><h3 onclick="Collapsible_toggle('scenario_0')"><span class="val">Scenario: Check Add to Cart option without entering details: size, colour</span></h3><ol class="scenario_steps" id="scenario_0"><li class="step passed"><div class="step_name"><span class="keyword">Given </span><span class="step val">I am on the Login page</span><small class="step_duration">(3.086s)</small></div><div class="step_file"><span>steps/login_steps.py:7</span></div><span class="embed" /></li><li class="step passed"><div class="step_name"><span class="keyword">When </span><span class="step val">I insert registered email and password</span><small class="step_duration">(2.226s)</small></div><div class="step_file"><span>steps/home_steps.py:8</span></div><span class="embed" /></li><li class="step passed"><div class="step_name"><span class="keyword">When </span><span class="step val">I click the Sign In button and then the store logo</span><small class="step_duration">(8.225s)</small></div><div class="step_file"><span>steps/home_steps.py:14</span></div><span class="embed" /></li><li class="step passed"><div class="step_name"><span class="keyword">When </span><span class="step val">I insert a "search term" in the search box and click search button</span><small class="step_duration">(4.910s)</small></div><div class="step_file"><span>steps/home_steps.py:21</span></div><span class="embed" /></li><li class="step passed"><div class="step_name"><span class="keyword">When </span><span class="step val">I click a product from the product grid</span><small class="step_duration">(3.013s)</small></div><div class="step_file"><span>steps/home_steps.py:27</span></div><span class="embed" /></li><li class="step passed"><div class="step_name"><span class="keyword">When </span><span class="step val">I click Add to Cart button</span><small class="step_duration">(0.097s)</small></div><div class="step_file"><span>steps/home_steps.py:32</span></div><span class="embed" /></li><li class="step passed"><div class="step_name"><span class="keyword">Then </span><span class="step val">A error message is displayed</span><small class="step_duration">(0.036s)</small></div><div class="step_file"><span>steps/home_steps.py:36</span></div><span class="embed" /></li><li class="step passed"><div class="step_name"><span class="keyword">Then </span><span class="step val"><span>The error message contains "</span><b>This is a required field</b><span>"</span></span><small class="step_duration">(0.065s)</small></div><div class="step_file"><span>steps/home_steps.py:40</span></div><span class="embed" /></li></ol><span /></div><div class="scenario"><span class="scenario_file">features/home.feature:17</span><h3 onclick="Collapsible_toggle('scenario_1')"><span class="val">Scenario: Check Add to Cart option when entering required details: size, colour</span></h3><ol class="scenario_steps" id="scenario_1"><li class="step passed"><div class="step_name"><span class="keyword">Given </span><span class="step val">I am on the Login page</span><small class="step_duration">(1.949s)</small></div><div class="step_file"><span>steps/login_steps.py:7</span></div><span class="embed" /></li><li class="step passed"><div class="step_name"><span class="keyword">When </span><span class="step val">I insert registered email and password</span><small class="step_duration">(2.145s)</small></div><div class="step_file"><span>steps/home_steps.py:8</span></div><span class="embed" /></li><li class="step passed"><div class="step_name"><span class="keyword">When </span><span class="step val">I click the Sign In button and then the store logo</span><small class="step_duration">(7.512s)</small></div><div class="step_file"><span>steps/home_steps.py:14</span></div><span class="embed" /></li><li class="step passed"><div class="step_name"><span class="keyword">When </span><span class="step val">I insert a "search term" in the search box and click search button</span><small class="step_duration">(4.851s)</small></div><div class="step_file"><span>steps/home_steps.py:21</span></div><span class="embed" /></li><li class="step passed"><div class="step_name"><span class="keyword">When </span><span class="step val">I click a product from the product grid</span><small class="step_duration">(3.479s)</small></div><div class="step_file"><span>steps/home_steps.py:27</span></div><span class="embed" /></li><li class="step passed"><div class="step_name"><span class="keyword">When </span><span class="step val">I click on random size and color labels</span><small class="step_duration">(4.138s)</small></div><div class="step_file"><span>steps/home_steps.py:46</span></div><span class="embed" /></li><li class="step passed"><div class="step_name"><span class="keyword">When </span><span class="step val">I click button Add to Cart</span><small class="step_duration">(0.085s)</small></div><div class="step_file"><span>steps/home_steps.py:51</span></div><span class="embed" /></li><li class="step passed"><div class="step_name"><span class="keyword">Then </span><span class="step val">A confirmation message is displayed</span><small class="step_duration">(2.356s)</small></div><div class="step_file"><span>steps/home_steps.py:55</span></div><span class="embed" /></li><li class="step passed"><div class="step_name"><span class="keyword">Then </span><span class="step val"><span>The confirmation message contains "</span><b>You added</b><span>"</span></span><small class="step_duration">(0.019s)</small></div><div class="step_file"><span>steps/home_steps.py:59</span></div><span class="embed" /></li></ol><span /></div><div class="feature"><h2><span class="val">Feature: Test functionality of the login page</span></h2><span /></div><div class="background"><h3><span class="val">Background: Open Login Page</span></h3><ol /><span /></div><div class="scenario"><span class="scenario_file">features/login.feature:9</span><span class="tag">@T1</span><h3 onclick="Collapsible_toggle('scenario_2')"><span class="val">Scenario: Check error message presence when providing wrong credentials</span></h3><ol class="scenario_steps" id="scenario_2"><li class="step passed"><div class="step_name"><span class="keyword">Given </span><span class="step val">I am on the login page</span><small class="step_duration">(1.898s)</small></div><div class="step_file"><span>steps/login_steps.py:7</span></div><span class="embed" /></li><li class="step passed"><div class="step_name"><span class="keyword">When </span><span class="step val">I insert an unregistered email in the email input field</span><small class="step_duration">(1.066s)</small></div><div class="step_file"><span>steps/login_steps.py:17</span></div><span class="embed" /></li><li class="step passed"><div class="step_name"><span class="keyword">When </span><span class="step val">I insert a password in the password input field</span><small class="step_duration">(1.065s)</small></div><div class="step_file"><span>steps/login_steps.py:22</span></div><span class="embed" /></li><li class="step passed"><div class="step_name"><span class="keyword">When </span><span class="step val">I click on Sign In button</span><small class="step_duration">(4.459s)</small></div><div class="step_file"><span>steps/login_steps.py:27</span></div><span class="embed" /></li><li class="step passed"><div class="step_name"><span class="keyword">Then </span><span class="step val">The error message is displayed</span><small class="step_duration">(0.014s)</small></div><div class="step_file"><span>steps/login_steps.py:32</span></div><span class="embed" /></li><li class="step passed"><div class="step_name"><span class="keyword">Then </span><span class="step val"><span>The error message contains "</span><b>account sign-in was incorrect</b><span>" text</span></span><small class="step_duration">(0.016s)</small></div><div class="step_file"><span>steps/login_steps.py:37</span></div><span class="embed" /></li></ol><span /></div><div class="scenario"><span class="scenario_file">features/login.feature:16</span><span class="tag">@T2</span><h3 onclick="Collapsible_toggle('scenario_3')"><span class="val">Scenario: Check account information displayed when providing correct credentials</span></h3><ol class="scenario_steps" id="scenario_3"><li class="step passed"><div class="step_name"><span class="keyword">Given </span><span class="step val">I am on the login page</span><small class="step_duration">(2.028s)</small></div><div class="step_file"><span>steps/login_steps.py:7</span></div><span class="embed" /></li><li class="step passed"><div class="step_name"><span class="keyword">When </span><span class="step val">I insert an registered email in the email input field</span><small class="step_duration">(1.070s)</small></div><div class="step_file"><span>steps/login_steps.py:43</span></div><span class="embed" /></li><li class="step passed"><div class="step_name"><span class="keyword">When </span><span class="step val">I insert a correct password in the password input field</span><small class="step_duration">(1.068s)</small></div><div class="step_file"><span>steps/login_steps.py:48</span></div><span class="embed" /></li><li class="step passed"><div class="step_name"><span class="keyword">When </span><span class="step val">I click on Sign In button again</span><small class="step_duration">(8.529s)</small></div><div class="step_file"><span>steps/login_steps.py:53</span></div><span class="embed" /></li><li class="step passed"><div class="step_name"><span class="keyword">Then </span><span class="step val"><span>The account page "</span><b>https://magento.softwaretestingboard.com/customer/account/</b><span>" is opened</span></span><small class="step_duration">(0.001s)</small></div><div class="step_file"><span>steps/login_steps.py:59</span></div><span class="embed" /></li><li class="step passed"><div class="step_name"><span class="keyword">Then </span><span class="step val"><span>The account information for "</span><b>Cosa Laurentiu</b><span>" is displayed</span></span><small class="step_duration">(0.016s)</small></div><div class="step_file"><span>steps/login_steps.py:64</span></div><span class="embed" /></li></ol><span /></div><div class="scenario"><span class="scenario_file">features/login.feature:24</span><span class="tag">@T3</span><h3 onclick="Collapsible_toggle('scenario_4')" class="failed"><span class="val">Scenario: Check that sign out option is successfully</span></h3><ol class="scenario_steps" id="scenario_4"><li class="step passed"><div class="step_name"><span class="keyword">Given </span><span class="step val">I am on the login page</span><small class="step_duration">(2.488s)</small></div><div class="step_file"><span>steps/login_steps.py:7</span></div><span class="embed" /></li><li class="step failed"><div class="step_name"><span class="keyword">When </span><span class="step val">I select the Logged In dropdown menu</span><small class="step_duration">(4.064s)</small></div><div class="step_file"><span>steps/login_steps.py:71</span></div><span class="embed"><a onclick="Collapsible_toggle('embed_1')">Error Message</a><pre id="embed_1" style="display: none">Traceback (most recent call last):
  File "C:\Users\laurentiu cosa\PycharmProjects\TA\ProiectFinalTA\myenv\Lib\site-packages\behave\model.py", line 1329, in run
    match.run(runner.context)
  File "C:\Users\laurentiu cosa\PycharmProjects\TA\ProiectFinalTA\myenv\Lib\site-packages\behave\matchers.py", line 98, in run
    self.func(context, *args, **kwargs)
  File "steps\login_steps.py", line 73, in step_impl
    context.login_page.click_logged_in_dropdown_menu()
  File "C:\Users\laurentiu cosa\PycharmProjects\TA\ProiectFinalTA\pages\login_page.py", line 55, in click_logged_in_dropdown_menu
    self.click(self.LOGGED_IN_DROPDOWN_MENU)
  File "C:\Users\laurentiu cosa\PycharmProjects\TA\ProiectFinalTA\pages\base_page.py", line 14, in click
    self.find(locator).click()
    ^^^^^^^^^^^^^^^^^^
  File "C:\Users\laurentiu cosa\PycharmProjects\TA\ProiectFinalTA\pages\base_page.py", line 11, in find
    return self.driver.find_element(*locator)
           ^^^^^^^^^^^^^^^^^^^^^^^^^^^^^^^^^^
  File "C:\Users\laurentiu cosa\PycharmProjects\TA\ProiectFinalTA\myenv\Lib\site-packages\selenium\webdriver\remote\webdriver.py", line 738, in find_element
    return self.execute(Command.FIND_ELEMENT, {"using": by, "value": value})["value"]
           ^^^^^^^^^^^^^^^^^^^^^^^^^^^^^^^^^^^^^^^^^^^^^^^^^^^^^^^^^^^^^^^^^
  File "C:\Users\laurentiu cosa\PycharmProjects\TA\ProiectFinalTA\myenv\Lib\site-packages\selenium\webdriver\remote\webdriver.py", line 344, in execute
    self.error_handler.check_response(response)
  File "C:\Users\laurentiu cosa\PycharmProjects\TA\ProiectFinalTA\myenv\Lib\site-packages\selenium\webdriver\remote\errorhandler.py", line 229, in check_response
    raise exception_class(message, screen, stacktrace)
selenium.common.exceptions.NoSuchElementException: Message: no such element: Unable to locate element: {"method":"xpath","selector":"//button[@class='action switch'][1]"}
  (Session info: chrome=119.0.6045.124); For documentation on this error, please visit: https://www.selenium.dev/documentation/webdriver/troubleshooting/errors#no-such-element-exception
Stacktrace:
	GetHandleVerifier [0x00007FF769F082B2+55298]
	(No symbol) [0x00007FF769E75E02]
	(No symbol) [0x00007FF769D305AB]
	(No symbol) [0x00007FF769D7175C]
	(No symbol) [0x00007FF769D718DC]
	(No symbol) [0x00007FF769DACBC7]
	(No symbol) [0x00007FF769D920EF]
	(No symbol) [0x00007FF769DAAAA4]
	(No symbol) [0x00007FF769D91E83]
	(No symbol) [0x00007FF769D6670A]
	(No symbol) [0x00007FF769D67964]
	GetHandleVerifier [0x00007FF76A280AAB+3694587]
	GetHandleVerifier [0x00007FF76A2D728E+4048862]
	GetHandleVerifier [0x00007FF76A2CF173+4015811]
	GetHandleVerifier [0x00007FF769FA47D6+695590]
	(No symbol) [0x00007FF769E80CE8]
	(No symbol) [0x00007FF769E7CF34]
	(No symbol) [0x00007FF769E7D062]
	(No symbol) [0x00007FF769E6D3A3]
	BaseThreadInitThunk [0x00007FFF0997257D+29]
	RtlUserThreadStart [0x00007FFF09B6AA78+40]

</pre>    </span></li></ol><span /></div><div class="feature"><h2><span class="val">Feature: Test functionality of the signup page</span></h2><span /></div><div class="background"><h3><span class="val">Background: Open Signup Page</span></h3><ol /><span /></div><div class="scenario"><span class="scenario_file">features/signup.feature:7</span><h3 onclick="Collapsible_toggle('scenario_5')" class="failed"><span class="val">Scenario: Verify special characters acceptance in Personal Information fields</span></h3><ol class="scenario_steps" id="scenario_5"><li class="step passed"><div class="step_name"><span class="keyword">Given </span><span class="step val">I am on the signup page</span><small class="step_duration">(2.619s)</small></div><div class="step_file"><span>steps/signup_steps.py:6</span></div><span class="embed" /></li><li class="step passed"><div class="step_name"><span class="keyword">When </span><span class="step val">I enter special characters in first name input field</span><small class="step_duration">(0.071s)</small></div><div class="step_file"><span>steps/signup_steps.py:12</span></div><span class="embed" /></li><li class="step passed"><div class="step_name"><span class="keyword">When </span><span class="step val">I enter special characters in last name input field</span><small class="step_duration">(1.052s)</small></div><div class="step_file"><span>steps/signup_steps.py:17</span></div><span class="embed" /></li><li class="step passed"><div class="step_name"><span class="keyword">When </span><span class="step val"><span>I insert an unregistered "</span><b>email</b><span>" in the email input field</span></span><small class="step_duration">(1.083s)</small></div><div class="step_file"><span>steps/signup_steps.py:22</span></div><span class="embed" /></li><li class="step passed"><div class="step_name"><span class="keyword">When </span><span class="step val">I insert a random password in the password input and confirm password fields</span><small class="step_duration">(0.166s)</small></div><div class="step_file"><span>steps/signup_steps.py:27</span></div><span class="embed" /></li><li class="step passed"><div class="step_name"><span class="keyword">When </span><span class="step val">I click on the create account button</span><small class="step_duration">(7.630s)</small></div><div class="step_file"><span>steps/signup_steps.py:32</span></div><span class="embed" /></li><li class="step failed"><div class="step_name"><span class="keyword">Then </span><span class="step val"><span>The account is NOT created and URL is still "</span><b>https://magento.softwaretestingboard.com/customer/account/create</b><span>"</span></span><small class="step_duration">(0.000s)</small></div><div class="step_file"><span>steps/signup_steps.py:38</span></div><span class="embed"><a onclick="Collapsible_toggle('embed_2')">Error Message</a><pre id="embed_2" style="display: none">Assertion Failed: Page URL is not https://magento.softwaretestingboard.com/customer/account/create</pre>    </span></li></ol><span /></div><div class="scenario"><span class="scenario_file">features/signup.feature:17</span><h3 onclick="Collapsible_toggle('scenario_6')" class="failed"><span class="val">Scenario: Verify numbers acceptance in Personal Information fields</span></h3><ol class="scenario_steps" id="scenario_6"><li class="step passed"><div class="step_name"><span class="keyword">Given </span><span class="step val">I am on the signup page</span><small class="step_duration">(2.372s)</small></div><div class="step_file"><span>steps/signup_steps.py:6</span></div><span class="embed" /></li><li class="step passed"><div class="step_name"><span class="keyword">When </span><span class="step val">I enter numbers in first name input field</span><small class="step_duration">(0.051s)</small></div><div class="step_file"><span>steps/signup_steps.py:45</span></div><span class="embed" /></li><li class="step passed"><div class="step_name"><span class="keyword">When </span><span class="step val">I enter numbers in last name input field</span><small class="step_duration">(1.048s)</small></div><div class="step_file"><span>steps/signup_steps.py:50</span></div><span class="embed" /></li><li class="step passed"><div class="step_name"><span class="keyword">When </span><span class="step val"><span>I insert another unregistered "</span><b>email</b><span>" in the email input field</span></span><small class="step_duration">(1.096s)</small></div><div class="step_file"><span>steps/signup_steps.py:55</span></div><span class="embed" /></li><li class="step passed"><div class="step_name"><span class="keyword">When </span><span class="step val">I insert a random password in the password input and in confirm password fields</span><small class="step_duration">(0.158s)</small></div><div class="step_file"><span>steps/signup_steps.py:60</span></div><span class="embed" /></li><li class="step passed"><div class="step_name"><span class="keyword">When </span><span class="step val">I click on the create account button again</span><small class="step_duration">(8.879s)</small></div><div class="step_file"><span>steps/signup_steps.py:65</span></div><span class="embed" /></li><li class="step failed"><div class="step_name"><span class="keyword">Then </span><span class="step val"><span>The account is NOT created, and URL is still "</span><b>https://magento.softwaretestingboard.com/customer/account/create</b><span>"</span></span><small class="step_duration">(0.000s)</small></div><div class="step_file"><span>steps/signup_steps.py:71</span></div><span class="embed"><a onclick="Collapsible_toggle('embed_3')">Error Message</a><pre id="embed_3" style="display: none">Assertion Failed: Page URL is not https://magento.softwaretestingboard.com/customer/account/create</pre>    </span></li></ol><span /></div></div></body></html>